2019-03-09 16:55:39,453 [Worker-2] INFO  c.g.t.t.d.PublishedGradleVersions - Gradle version information cache is up-to-date. Trying to read.
2019-03-09 16:57:34,067 [Worker-13] INFO  o.e.m.c.i.e.AbstractTransferListenerAdapter - Downloading https://repo.maven.apache.org/maven2/org/springframework/build/aws/org.springframework.build.aws.maven/2.0.0.RELEASE/org.springframework.build.aws.maven-2.0.0.RELEASE.pom
2019-03-09 16:57:34,297 [Worker-13] INFO  o.e.m.c.i.e.AbstractTransferListenerAdapter - Downloaded https://repo.maven.apache.org/maven2/org/springframework/build/aws/org.springframework.build.aws.maven/2.0.0.RELEASE/org.springframework.build.aws.maven-2.0.0.RELEASE.pom
2019-03-09 16:57:35,562 [Worker-13] INFO  o.e.m.c.i.e.AbstractTransferListenerAdapter - Downloading https://repo.maven.apache.org/maven2/net/java/dev/jets3t/jets3t/0.6.0/jets3t-0.6.0.pom
2019-03-09 16:57:35,757 [Worker-13] INFO  o.e.m.c.i.e.AbstractTransferListenerAdapter - Downloaded https://repo.maven.apache.org/maven2/net/java/dev/jets3t/jets3t/0.6.0/jets3t-0.6.0.pom
2019-03-09 16:57:36,128 [Worker-13] INFO  o.e.m.c.i.e.AbstractTransferListenerAdapter - Downloading https://repo.maven.apache.org/maven2/org/springframework/build/aws/org.springframework.build.aws.maven/2.0.0.RELEASE/org.springframework.build.aws.maven-2.0.0.RELEASE.jar
2019-03-09 16:57:36,824 [Worker-13] INFO  o.e.m.c.i.e.AbstractTransferListenerAdapter - Downloaded https://repo.maven.apache.org/maven2/org/springframework/build/aws/org.springframework.build.aws.maven/2.0.0.RELEASE/org.springframework.build.aws.maven-2.0.0.RELEASE.jar
2019-03-09 16:57:37,353 [Worker-13] INFO  o.e.m.c.i.e.AbstractTransferListenerAdapter - Downloading https://repo.maven.apache.org/maven2/net/java/dev/jets3t/jets3t/0.6.0/jets3t-0.6.0.jar
2019-03-09 16:57:49,835 [Worker-13] INFO  o.e.m.c.i.e.AbstractTransferListenerAdapter - Downloaded https://repo.maven.apache.org/maven2/net/java/dev/jets3t/jets3t/0.6.0/jets3t-0.6.0.jar
2019-03-09 16:57:50,058 [Worker-13] INFO  o.e.m.c.i.e.AbstractTransferListenerAdapter - Downloading https://repo.maven.apache.org/maven2/org/codehaus/plexus/plexus-utils/1.1/plexus-utils-1.1.jar
2019-03-09 16:57:58,049 [Worker-13] INFO  o.e.m.c.i.e.AbstractTransferListenerAdapter - Downloaded https://repo.maven.apache.org/maven2/org/codehaus/plexus/plexus-utils/1.1/plexus-utils-1.1.jar
2019-03-09 16:58:00,622 [Worker-13] INFO  o.e.m.c.i.l.LifecycleMappingFactory - Using org.eclipse.m2e.jdt.JarLifecycleMapping lifecycle mapping for MavenProject: org.springframework:spring-aop:3.0.8.BUILD-SNAPSHOT @ E:\myGitProject\spring\spring-framework\org.springframework.aop\pom.xml.
2019-03-09 16:58:01,349 [Worker-13] INFO  o.e.m.c.i.e.AbstractTransferListenerAdapter - Downloaded https://repo.maven.apache.org/maven2/com/jamonapi/jamon/2.4/jamon-2.4.pom
2019-03-09 16:58:01,355 [Worker-13] WARN  o.e.m.c.i.embedder.EclipseLogger - The POM for com.jamonapi:jamon:jar:2.4 is missing, no dependency information available
2019-03-09 16:58:02,046 [Worker-13] INFO  o.e.m.c.i.e.AbstractTransferListenerAdapter - Downloading https://repo.maven.apache.org/maven2/cglib/cglib-nodep/2.2/cglib-nodep-2.2.pom
2019-03-09 16:58:02,208 [Worker-13] INFO  o.e.m.c.i.e.AbstractTransferListenerAdapter - Downloaded https://repo.maven.apache.org/maven2/cglib/cglib-nodep/2.2/cglib-nodep-2.2.pom
2019-03-09 16:58:02,531 [Worker-13] INFO  o.e.m.c.i.e.AbstractTransferListenerAdapter - Downloading https://repo.maven.apache.org/maven2/commons-pool/commons-pool/1.5.3/commons-pool-1.5.3.pom
2019-03-09 16:58:02,844 [Worker-13] INFO  o.e.m.c.i.e.AbstractTransferListenerAdapter - Downloaded https://repo.maven.apache.org/maven2/commons-pool/commons-pool/1.5.3/commons-pool-1.5.3.pom
2019-03-09 16:58:03,010 [Worker-13] INFO  o.e.m.c.i.e.AbstractTransferListenerAdapter - Downloading https://repo.maven.apache.org/maven2/org/aspectj/aspectjweaver/1.6.8/aspectjweaver-1.6.8.pom
2019-03-09 16:58:03,169 [Worker-13] INFO  o.e.m.c.i.e.AbstractTransferListenerAdapter - Downloaded https://repo.maven.apache.org/maven2/org/aspectj/aspectjweaver/1.6.8/aspectjweaver-1.6.8.pom
2019-03-09 16:58:03,343 [Worker-13] INFO  o.e.m.c.i.e.AbstractTransferListenerAdapter - Downloading https://repo.maven.apache.org/maven2/org/easymock/easymock/2.5.1/easymock-2.5.1.pom
2019-03-09 16:58:03,659 [Worker-13] INFO  o.e.m.c.i.e.AbstractTransferListenerAdapter - Downloaded https://repo.maven.apache.org/maven2/org/easymock/easymock/2.5.1/easymock-2.5.1.pom
2019-03-09 16:58:03,823 [Worker-13] INFO  o.e.m.c.i.e.AbstractTransferListenerAdapter - Downloading https://repo.maven.apache.org/maven2/junit/junit/4.7/junit-4.7.pom
2019-03-09 16:58:03,983 [Worker-13] INFO  o.e.m.c.i.e.AbstractTransferListenerAdapter - Downloaded https://repo.maven.apache.org/maven2/junit/junit/4.7/junit-4.7.pom
2019-03-09 16:58:04,237 [Worker-13] INFO  o.e.m.c.i.e.AbstractTransferListenerAdapter - Downloading https://repo.maven.apache.org/maven2/com/jamonapi/jamon/2.4/jamon-2.4.jar
2019-03-09 16:58:09,247 [Worker-13] INFO  o.e.m.c.i.e.AbstractTransferListenerAdapter - Downloaded https://repo.maven.apache.org/maven2/com/jamonapi/jamon/2.4/jamon-2.4.jar
2019-03-09 16:58:09,447 [Worker-13] INFO  o.e.m.c.i.e.AbstractTransferListenerAdapter - Downloading https://repo.maven.apache.org/maven2/cglib/cglib-nodep/2.2/cglib-nodep-2.2.jar
2019-03-09 16:58:36,775 [Worker-13] INFO  o.e.m.c.i.e.AbstractTransferListenerAdapter - Downloaded https://repo.maven.apache.org/maven2/cglib/cglib-nodep/2.2/cglib-nodep-2.2.jar
2019-03-09 16:58:36,934 [Worker-13] INFO  o.e.m.c.i.e.AbstractTransferListenerAdapter - Downloading https://repo.maven.apache.org/maven2/commons-pool/commons-pool/1.5.3/commons-pool-1.5.3.jar
2019-03-09 16:58:40,956 [Worker-13] INFO  o.e.m.c.i.e.AbstractTransferListenerAdapter - Downloaded https://repo.maven.apache.org/maven2/commons-pool/commons-pool/1.5.3/commons-pool-1.5.3.jar
2019-03-09 16:58:41,118 [Worker-13] INFO  o.e.m.c.i.e.AbstractTransferListenerAdapter - Downloading https://repo.maven.apache.org/maven2/org/aspectj/aspectjweaver/1.6.8/aspectjweaver-1.6.8.jar
2019-03-09 17:00:21,250 [Worker-13] INFO  o.e.m.c.i.e.AbstractTransferListenerAdapter - Downloaded https://repo.maven.apache.org/maven2/org/aspectj/aspectjweaver/1.6.8/aspectjweaver-1.6.8.jar
2019-03-09 17:00:21,435 [Worker-13] INFO  o.e.m.c.i.e.AbstractTransferListenerAdapter - Downloading https://repo.maven.apache.org/maven2/log4j/log4j/1.2.15/log4j-1.2.15.jar
2019-03-09 17:00:41,010 [Worker-13] INFO  o.e.m.c.i.e.AbstractTransferListenerAdapter - Downloaded https://repo.maven.apache.org/maven2/log4j/log4j/1.2.15/log4j-1.2.15.jar
2019-03-09 17:00:41,169 [Worker-13] INFO  o.e.m.c.i.e.AbstractTransferListenerAdapter - Downloading https://repo.maven.apache.org/maven2/org/easymock/easymock/2.5.1/easymock-2.5.1.jar
2019-03-09 17:00:43,118 [Worker-13] INFO  o.e.m.c.i.e.AbstractTransferListenerAdapter - Downloaded https://repo.maven.apache.org/maven2/org/easymock/easymock/2.5.1/easymock-2.5.1.jar
2019-03-09 17:00:43,276 [Worker-13] INFO  o.e.m.c.i.e.AbstractTransferListenerAdapter - Downloading https://repo.maven.apache.org/maven2/junit/junit/4.7/junit-4.7.jar
2019-03-09 17:01:01,731 [Worker-13] INFO  o.e.m.c.i.e.AbstractTransferListenerAdapter - Downloaded https://repo.maven.apache.org/maven2/junit/junit/4.7/junit-4.7.jar
2019-03-09 17:01:03,047 [Worker-13] INFO  o.e.m.c.i.l.LifecycleMappingFactory - Using org.eclipse.m2e.jdt.JarLifecycleMapping lifecycle mapping for MavenProject: org.springframework:spring-asm:3.0.8.BUILD-SNAPSHOT @ E:\myGitProject\spring\spring-framework\org.springframework.asm\pom.xml.
2019-03-09 17:01:03,081 [Worker-13] INFO  o.e.m.c.i.l.LifecycleMappingFactory - Using org.eclipse.m2e.jdt.JarLifecycleMapping lifecycle mapping for MavenProject: org.springframework:spring-aspects:3.0.8.BUILD-SNAPSHOT @ E:\myGitProject\spring\spring-framework\org.springframework.aspects\pom.xml.
2019-03-09 17:01:03,253 [Worker-13] INFO  o.e.m.c.i.e.AbstractTransferListenerAdapter - Downloading https://repo.maven.apache.org/maven2/javax/persistence/persistence-api/1.0/persistence-api-1.0.pom
2019-03-09 17:01:03,421 [Worker-13] INFO  o.e.m.c.i.e.AbstractTransferListenerAdapter - Downloaded https://repo.maven.apache.org/maven2/javax/persistence/persistence-api/1.0/persistence-api-1.0.pom
2019-03-09 17:01:03,595 [Worker-13] INFO  o.e.m.c.i.e.AbstractTransferListenerAdapter - Downloading https://repo.maven.apache.org/maven2/javax/persistence/persistence-api/1.0/persistence-api-1.0.jar
2019-03-09 17:01:06,870 [Worker-13] INFO  o.e.m.c.i.e.AbstractTransferListenerAdapter - Downloaded https://repo.maven.apache.org/maven2/javax/persistence/persistence-api/1.0/persistence-api-1.0.jar
2019-03-09 17:01:07,569 [Worker-13] INFO  o.e.m.c.i.l.LifecycleMappingFactory - Using org.eclipse.m2e.jdt.JarLifecycleMapping lifecycle mapping for MavenProject: org.springframework:spring-beans:3.0.8.BUILD-SNAPSHOT @ E:\myGitProject\spring\spring-framework\org.springframework.beans\pom.xml.
2019-03-09 17:01:07,727 [Worker-13] INFO  o.e.m.c.i.e.AbstractTransferListenerAdapter - Downloading https://repo.maven.apache.org/maven2/javax/el/el-api/1.0/el-api-1.0.pom
2019-03-09 17:01:08,491 [Worker-13] INFO  o.e.m.c.i.e.AbstractTransferListenerAdapter - Downloaded https://repo.maven.apache.org/maven2/javax/el/el-api/1.0/el-api-1.0.pom
2019-03-09 17:01:08,712 [Worker-13] INFO  o.e.m.c.i.e.AbstractTransferListenerAdapter - Downloading https://repo.maven.apache.org/maven2/javax/el/el-api/1.0/el-api-1.0.jar
2019-03-09 17:01:10,608 [Worker-13] INFO  o.e.m.c.i.e.AbstractTransferListenerAdapter - Downloaded https://repo.maven.apache.org/maven2/javax/el/el-api/1.0/el-api-1.0.jar
2019-03-09 17:01:10,739 [Worker-13] INFO  o.e.m.c.i.l.LifecycleMappingFactory - Using org.eclipse.m2e.jdt.JarLifecycleMapping lifecycle mapping for MavenProject: org.springframework:spring-context:3.0.8.BUILD-SNAPSHOT @ E:\myGitProject\spring\spring-framework\org.springframework.context\pom.xml.
2019-03-09 17:01:11,773 [Worker-13] INFO  o.e.m.c.i.e.AbstractTransferListenerAdapter - Downloading https://repo.maven.apache.org/maven2/backport-util-concurrent/backport-util-concurrent/3.0/backport-util-concurrent-3.0.pom
2019-03-09 17:01:13,534 [Worker-13] INFO  o.e.m.c.i.e.AbstractTransferListenerAdapter - Downloaded https://repo.maven.apache.org/maven2/backport-util-concurrent/backport-util-concurrent/3.0/backport-util-concurrent-3.0.pom
2019-03-09 17:01:13,719 [Worker-13] INFO  o.e.m.c.i.e.AbstractTransferListenerAdapter - Downloading https://repo.maven.apache.org/maven2/javax/ejb/ejb-api/3.0/ejb-api-3.0.pom
2019-03-09 17:01:13,882 [Worker-13] INFO  o.e.m.c.i.e.AbstractTransferListenerAdapter - Downloaded https://repo.maven.apache.org/maven2/javax/ejb/ejb-api/3.0/ejb-api-3.0.pom
2019-03-09 17:01:14,068 [Worker-13] INFO  o.e.m.c.i.e.AbstractTransferListenerAdapter - Downloaded https://repo.maven.apache.org/maven2/org/atinject/inject-tck/1.0.0-PFD-3-jboss-1/inject-tck-1.0.0-PFD-3-jboss-1.pom
2019-03-09 17:01:14,071 [Worker-13] WARN  o.e.m.c.i.embedder.EclipseLogger - The POM for org.atinject:inject-tck:jar:1.0.0-PFD-3-jboss-1 is missing, no dependency information available
2019-03-09 17:01:14,820 [Worker-13] INFO  o.e.m.c.i.e.AbstractTransferListenerAdapter - Downloading https://repo.maven.apache.org/maven2/org/apache/geronimo/specs/geronimo-jms_1.1_spec/1.1/geronimo-jms_1.1_spec-1.1.pom
2019-03-09 17:01:14,989 [Worker-13] INFO  o.e.m.c.i.e.AbstractTransferListenerAdapter - Downloaded https://repo.maven.apache.org/maven2/org/apache/geronimo/specs/geronimo-jms_1.1_spec/1.1/geronimo-jms_1.1_spec-1.1.pom
2019-03-09 17:01:15,162 [Worker-13] INFO  o.e.m.c.i.e.AbstractTransferListenerAdapter - Downloading https://repo.maven.apache.org/maven2/org/apache/geronimo/specs/specs/1.2/specs-1.2.pom
2019-03-09 17:01:15,335 [Worker-13] INFO  o.e.m.c.i.e.AbstractTransferListenerAdapter - Downloaded https://repo.maven.apache.org/maven2/org/apache/geronimo/specs/specs/1.2/specs-1.2.pom
2019-03-09 17:01:15,691 [Worker-13] INFO  o.e.m.c.i.e.AbstractTransferListenerAdapter - Downloading https://repo.maven.apache.org/maven2/org/apache/geronimo/genesis/config/project-config/1.1/project-config-1.1.pom
2019-03-09 17:01:16,635 [Worker-13] INFO  o.e.m.c.i.e.AbstractTransferListenerAdapter - Downloaded https://repo.maven.apache.org/maven2/org/apache/geronimo/genesis/config/project-config/1.1/project-config-1.1.pom
2019-03-09 17:01:16,824 [Worker-13] INFO  o.e.m.c.i.e.AbstractTransferListenerAdapter - Downloading https://repo.maven.apache.org/maven2/org/apache/geronimo/genesis/config/config/1.1/config-1.1.pom
2019-03-09 17:01:16,990 [Worker-13] INFO  o.e.m.c.i.e.AbstractTransferListenerAdapter - Downloaded https://repo.maven.apache.org/maven2/org/apache/geronimo/genesis/config/config/1.1/config-1.1.pom
2019-03-09 17:01:17,180 [Worker-13] INFO  o.e.m.c.i.e.AbstractTransferListenerAdapter - Downloading https://repo.maven.apache.org/maven2/org/apache/geronimo/genesis/genesis/1.1/genesis-1.1.pom
2019-03-09 17:01:17,546 [Worker-13] INFO  o.e.m.c.i.e.AbstractTransferListenerAdapter - Downloaded https://repo.maven.apache.org/maven2/org/apache/geronimo/genesis/genesis/1.1/genesis-1.1.pom
2019-03-09 17:01:17,721 [Worker-13] INFO  o.e.m.c.i.e.AbstractTransferListenerAdapter - Downloading https://repo.maven.apache.org/maven2/javax/validation/validation-api/1.0.0.GA/validation-api-1.0.0.GA.pom
2019-03-09 17:01:18,310 [Worker-13] INFO  o.e.m.c.i.e.AbstractTransferListenerAdapter - Downloaded https://repo.maven.apache.org/maven2/javax/validation/validation-api/1.0.0.GA/validation-api-1.0.0.GA.pom
2019-03-09 17:01:18,561 [Worker-13] INFO  o.e.m.c.i.e.AbstractTransferListenerAdapter - Downloading https://repo.maven.apache.org/maven2/javax/xml/ws/jaxws-api/2.1-1/jaxws-api-2.1-1.pom
2019-03-09 17:01:18,733 [Worker-13] INFO  o.e.m.c.i.e.AbstractTransferListenerAdapter - Downloaded https://repo.maven.apache.org/maven2/javax/xml/ws/jaxws-api/2.1-1/jaxws-api-2.1-1.pom
2019-03-09 17:01:19,336 [Worker-13] INFO  o.e.m.c.i.e.AbstractTransferListenerAdapter - Downloading https://repo.maven.apache.org/maven2/javax/xml/bind/jaxb-api/2.1/jaxb-api-2.1.pom
2019-03-09 17:01:19,508 [Worker-13] INFO  o.e.m.c.i.e.AbstractTransferListenerAdapter - Downloaded https://repo.maven.apache.org/maven2/javax/xml/bind/jaxb-api/2.1/jaxb-api-2.1.pom
2019-03-09 17:01:19,709 [Worker-13] INFO  o.e.m.c.i.e.AbstractTransferListenerAdapter - Downloading https://repo.maven.apache.org/maven2/javax/xml/soap/saaj-api/1.3/saaj-api-1.3.pom
2019-03-09 17:01:19,882 [Worker-13] INFO  o.e.m.c.i.e.AbstractTransferListenerAdapter - Downloaded https://repo.maven.apache.org/maven2/javax/xml/soap/saaj-api/1.3/saaj-api-1.3.pom
2019-03-09 17:01:20,068 [Worker-13] INFO  o.e.m.c.i.e.AbstractTransferListenerAdapter - Downloading https://repo.maven.apache.org/maven2/activation/activation/1.0.2/activation-1.0.2.pom
2019-03-09 17:01:20,238 [Worker-13] INFO  o.e.m.c.i.e.AbstractTransferListenerAdapter - Downloaded https://repo.maven.apache.org/maven2/activation/activation/1.0.2/activation-1.0.2.pom
2019-03-09 17:01:20,810 [Worker-13] INFO  o.e.m.c.i.e.AbstractTransferListenerAdapter - Downloading https://repo.maven.apache.org/maven2/javax/activation/activation/1.0.2/activation-1.0.2.pom
2019-03-09 17:01:20,985 [Worker-13] INFO  o.e.m.c.i.e.AbstractTransferListenerAdapter - Downloaded https://repo.maven.apache.org/maven2/javax/activation/activation/1.0.2/activation-1.0.2.pom
2019-03-09 17:01:21,957 [Worker-13] INFO  o.e.m.c.i.e.AbstractTransferListenerAdapter - Downloading https://repo.maven.apache.org/maven2/org/beanshell/bsh/2.0b4/bsh-2.0b4.pom
2019-03-09 17:01:22,129 [Worker-13] INFO  o.e.m.c.i.e.AbstractTransferListenerAdapter - Downloaded https://repo.maven.apache.org/maven2/org/beanshell/bsh/2.0b4/bsh-2.0b4.pom
2019-03-09 17:01:22,345 [Worker-13] INFO  o.e.m.c.i.e.AbstractTransferListenerAdapter - Downloading https://repo.maven.apache.org/maven2/org/beanshell/beanshell/2.0b4/beanshell-2.0b4.pom
2019-03-09 17:01:22,515 [Worker-13] INFO  o.e.m.c.i.e.AbstractTransferListenerAdapter - Downloaded https://repo.maven.apache.org/maven2/org/beanshell/beanshell/2.0b4/beanshell-2.0b4.pom
2019-03-09 17:01:22,736 [Worker-13] INFO  o.e.m.c.i.e.AbstractTransferListenerAdapter - Downloading https://repo.maven.apache.org/maven2/org/codehaus/groovy/groovy-all/1.6.3/groovy-all-1.6.3.pom
2019-03-09 17:01:24,373 [Worker-13] INFO  o.e.m.c.i.e.AbstractTransferListenerAdapter - Downloaded https://repo.maven.apache.org/maven2/org/codehaus/groovy/groovy-all/1.6.3/groovy-all-1.6.3.pom
2019-03-09 17:01:24,566 [Worker-13] INFO  o.e.m.c.i.e.AbstractTransferListenerAdapter - Downloading https://repo.maven.apache.org/maven2/org/apache/ant/ant/1.7.1/ant-1.7.1.pom
2019-03-09 17:01:25,002 [Worker-13] INFO  o.e.m.c.i.e.AbstractTransferListenerAdapter - Downloaded https://repo.maven.apache.org/maven2/org/apache/ant/ant/1.7.1/ant-1.7.1.pom
2019-03-09 17:01:25,186 [Worker-13] INFO  o.e.m.c.i.e.AbstractTransferListenerAdapter - Downloading https://repo.maven.apache.org/maven2/org/apache/ant/ant-parent/1.7.1/ant-parent-1.7.1.pom
2019-03-09 17:01:25,830 [Worker-13] INFO  o.e.m.c.i.e.AbstractTransferListenerAdapter - Downloaded https://repo.maven.apache.org/maven2/org/apache/ant/ant-parent/1.7.1/ant-parent-1.7.1.pom
2019-03-09 17:01:26,005 [Worker-13] INFO  o.e.m.c.i.e.AbstractTransferListenerAdapter - Downloading https://repo.maven.apache.org/maven2/org/apache/ant/ant-launcher/1.7.1/ant-launcher-1.7.1.pom
2019-03-09 17:01:27,222 [Worker-13] INFO  o.e.m.c.i.e.AbstractTransferListenerAdapter - Downloaded https://repo.maven.apache.org/maven2/org/apache/ant/ant-launcher/1.7.1/ant-launcher-1.7.1.pom
2019-03-09 17:01:27,525 [Worker-13] INFO  o.e.m.c.i.e.AbstractTransferListenerAdapter - Downloading https://repo.maven.apache.org/maven2/org/jruby/jruby/1.4.0/jruby-1.4.0.pom
2019-03-09 17:01:27,961 [Worker-13] INFO  o.e.m.c.i.e.AbstractTransferListenerAdapter - Downloaded https://repo.maven.apache.org/maven2/org/jruby/jruby/1.4.0/jruby-1.4.0.pom
2019-03-09 17:01:28,176 [Worker-13] INFO  o.e.m.c.i.e.AbstractTransferListenerAdapter - Downloading https://repo.maven.apache.org/maven2/org/jruby/shared/1.4.0/shared-1.4.0.pom
2019-03-09 17:01:28,423 [Worker-13] INFO  o.e.m.c.i.e.AbstractTransferListenerAdapter - Downloaded https://repo.maven.apache.org/maven2/org/jruby/shared/1.4.0/shared-1.4.0.pom
2019-03-09 17:01:28,636 [Worker-13] INFO  o.e.m.c.i.e.AbstractTransferListenerAdapter - Downloading https://repo.maven.apache.org/maven2/asm/asm/3.0/asm-3.0.pom
2019-03-09 17:01:28,855 [Worker-13] INFO  o.e.m.c.i.e.AbstractTransferListenerAdapter - Downloaded https://repo.maven.apache.org/maven2/asm/asm/3.0/asm-3.0.pom
2019-03-09 17:01:29,082 [Worker-13] INFO  o.e.m.c.i.e.AbstractTransferListenerAdapter - Downloading https://repo.maven.apache.org/maven2/asm/asm-parent/3.0/asm-parent-3.0.pom
2019-03-09 17:01:29,342 [Worker-13] INFO  o.e.m.c.i.e.AbstractTransferListenerAdapter - Downloaded https://repo.maven.apache.org/maven2/asm/asm-parent/3.0/asm-parent-3.0.pom
2019-03-09 17:01:29,567 [Worker-13] INFO  o.e.m.c.i.e.AbstractTransferListenerAdapter - Downloading https://repo.maven.apache.org/maven2/joda-time/joda-time/1.6/joda-time-1.6.pom
2019-03-09 17:01:29,840 [Worker-13] INFO  o.e.m.c.i.e.AbstractTransferListenerAdapter - Downloaded https://repo.maven.apache.org/maven2/joda-time/joda-time/1.6/joda-time-1.6.pom
2019-03-09 17:01:30,076 [Worker-13] INFO  o.e.m.c.i.e.AbstractTransferListenerAdapter - Downloading https://repo.maven.apache.org/maven2/org/apache/geronimo/specs/geronimo-jta_1.1_spec/1.1/geronimo-jta_1.1_spec-1.1.pom
2019-03-09 17:01:30,308 [Worker-13] INFO  o.e.m.c.i.e.AbstractTransferListenerAdapter - Downloaded https://repo.maven.apache.org/maven2/org/apache/geronimo/specs/geronimo-jta_1.1_spec/1.1/geronimo-jta_1.1_spec-1.1.pom
2019-03-09 17:01:31,016 [Worker-13] INFO  o.e.m.c.i.e.AbstractTransferListenerAdapter - Downloading https://repo.maven.apache.org/maven2/javax/xml/jaxrpc-api/1.1/jaxrpc-api-1.1.pom
2019-03-09 17:01:31,252 [Worker-13] INFO  o.e.m.c.i.e.AbstractTransferListenerAdapter - Downloaded https://repo.maven.apache.org/maven2/javax/xml/jaxrpc-api/1.1/jaxrpc-api-1.1.pom
2019-03-09 17:01:31,917 [Worker-13] INFO  o.e.m.c.i.e.AbstractTransferListenerAdapter - Downloaded https://repo.maven.apache.org/maven2/org/hibernate/com.springsource.org.hibernate.validator/4.1.0.GA/com.springsource.org.hibernate.validator-4.1.0.GA.pom
2019-03-09 17:01:31,918 [Worker-13] WARN  o.e.m.c.i.embedder.EclipseLogger - The POM for org.hibernate:com.springsource.org.hibernate.validator:jar:4.1.0.GA is missing, no dependency information available
2019-03-09 17:01:33,161 [Worker-13] INFO  o.e.m.c.i.e.AbstractTransferListenerAdapter - Downloading https://repo.maven.apache.org/maven2/org/slf4j/slf4j-log4j12/1.5.10/slf4j-log4j12-1.5.10.pom
2019-03-09 17:01:33,420 [Worker-13] INFO  o.e.m.c.i.e.AbstractTransferListenerAdapter - Downloaded https://repo.maven.apache.org/maven2/org/slf4j/slf4j-log4j12/1.5.10/slf4j-log4j12-1.5.10.pom
2019-03-09 17:01:33,623 [Worker-13] INFO  o.e.m.c.i.e.AbstractTransferListenerAdapter - Downloading https://repo.maven.apache.org/maven2/org/slf4j/slf4j-parent/1.5.10/slf4j-parent-1.5.10.pom
2019-03-09 17:01:34,123 [Worker-13] INFO  o.e.m.c.i.e.AbstractTransferListenerAdapter - Downloaded https://repo.maven.apache.org/maven2/org/slf4j/slf4j-parent/1.5.10/slf4j-parent-1.5.10.pom
2019-03-09 17:01:34,318 [Worker-13] INFO  o.e.m.c.i.e.AbstractTransferListenerAdapter - Downloading https://repo.maven.apache.org/maven2/org/slf4j/slf4j-api/1.5.10/slf4j-api-1.5.10.pom
2019-03-09 17:01:34,552 [Worker-13] INFO  o.e.m.c.i.e.AbstractTransferListenerAdapter - Downloaded https://repo.maven.apache.org/maven2/org/slf4j/slf4j-api/1.5.10/slf4j-api-1.5.10.pom
2019-03-09 17:01:34,796 [Worker-13] INFO  o.e.m.c.i.e.AbstractTransferListenerAdapter - Downloading https://repo.maven.apache.org/maven2/backport-util-concurrent/backport-util-concurrent/3.0/backport-util-concurrent-3.0.jar
2019-03-09 17:01:47,140 [Worker-13] INFO  o.e.m.c.i.e.AbstractTransferListenerAdapter - Downloaded https://repo.maven.apache.org/maven2/backport-util-concurrent/backport-util-concurrent/3.0/backport-util-concurrent-3.0.jar
2019-03-09 17:01:47,335 [Worker-13] INFO  o.e.m.c.i.e.AbstractTransferListenerAdapter - Downloading https://repo.maven.apache.org/maven2/javax/ejb/ejb-api/3.0/ejb-api-3.0.jar
2019-03-09 17:01:48,500 [Worker-13] INFO  o.e.m.c.i.e.AbstractTransferListenerAdapter - Downloaded https://repo.maven.apache.org/maven2/javax/ejb/ejb-api/3.0/ejb-api-3.0.jar
2019-03-09 17:01:48,671 [Worker-13] INFO  o.e.m.c.i.e.AbstractTransferListenerAdapter - Downloaded https://repo.maven.apache.org/maven2/org/atinject/inject-tck/1.0.0-PFD-3-jboss-1/inject-tck-1.0.0-PFD-3-jboss-1.jar
2019-03-09 17:01:49,396 [Worker-13] INFO  o.e.m.c.i.e.AbstractTransferListenerAdapter - Downloading https://repo.maven.apache.org/maven2/org/apache/geronimo/specs/geronimo-jms_1.1_spec/1.1/geronimo-jms_1.1_spec-1.1.jar
2019-03-09 17:01:49,769 [Worker-13] INFO  o.e.m.c.i.e.AbstractTransferListenerAdapter - Downloaded https://repo.maven.apache.org/maven2/org/apache/geronimo/specs/geronimo-jms_1.1_spec/1.1/geronimo-jms_1.1_spec-1.1.jar
2019-03-09 17:01:49,933 [Worker-13] INFO  o.e.m.c.i.e.AbstractTransferListenerAdapter - Downloading https://repo.maven.apache.org/maven2/javax/validation/validation-api/1.0.0.GA/validation-api-1.0.0.GA.jar
2019-03-09 17:01:50,328 [Worker-13] INFO  o.e.m.c.i.e.AbstractTransferListenerAdapter - Downloaded https://repo.maven.apache.org/maven2/javax/validation/validation-api/1.0.0.GA/validation-api-1.0.0.GA.jar
2019-03-09 17:01:50,544 [Worker-13] INFO  o.e.m.c.i.e.AbstractTransferListenerAdapter - Downloading https://repo.maven.apache.org/maven2/javax/xml/ws/jaxws-api/2.1-1/jaxws-api-2.1-1.jar
2019-03-09 17:01:51,088 [Worker-13] INFO  o.e.m.c.i.e.AbstractTransferListenerAdapter - Downloaded https://repo.maven.apache.org/maven2/javax/xml/ws/jaxws-api/2.1-1/jaxws-api-2.1-1.jar
2019-03-09 17:01:51,319 [Worker-13] INFO  o.e.m.c.i.e.AbstractTransferListenerAdapter - Downloading https://repo.maven.apache.org/maven2/javax/xml/bind/jaxb-api/2.1/jaxb-api-2.1.jar
2019-03-09 17:01:52,333 [Worker-13] INFO  o.e.m.c.i.e.AbstractTransferListenerAdapter - Downloaded https://repo.maven.apache.org/maven2/javax/xml/bind/jaxb-api/2.1/jaxb-api-2.1.jar
2019-03-09 17:01:53,204 [Worker-13] INFO  o.e.m.c.i.e.AbstractTransferListenerAdapter - Downloading https://repo.maven.apache.org/maven2/javax/xml/soap/saaj-api/1.3/saaj-api-1.3.jar
2019-03-09 17:01:53,389 [Worker-13] INFO  o.e.m.c.i.e.AbstractTransferListenerAdapter - Downloaded https://repo.maven.apache.org/maven2/javax/xml/soap/saaj-api/1.3/saaj-api-1.3.jar
2019-03-09 17:01:53,879 [Worker-13] INFO  o.e.m.c.i.e.AbstractTransferListenerAdapter - Downloading https://repo.maven.apache.org/maven2/org/beanshell/bsh/2.0b4/bsh-2.0b4.jar
2019-03-09 17:02:00,957 [Worker-13] INFO  o.e.m.c.i.e.AbstractTransferListenerAdapter - Downloaded https://repo.maven.apache.org/maven2/org/beanshell/bsh/2.0b4/bsh-2.0b4.jar
2019-03-09 17:02:01,127 [Worker-13] INFO  o.e.m.c.i.e.AbstractTransferListenerAdapter - Downloading https://repo.maven.apache.org/maven2/org/codehaus/groovy/groovy-all/1.6.3/groovy-all-1.6.3.jar
2019-03-09 17:04:45,272 [Worker-13] INFO  o.e.m.c.i.e.AbstractTransferListenerAdapter - Downloaded https://repo.maven.apache.org/maven2/org/codehaus/groovy/groovy-all/1.6.3/groovy-all-1.6.3.jar
2019-03-09 17:04:45,443 [Worker-13] INFO  o.e.m.c.i.e.AbstractTransferListenerAdapter - Downloading https://repo.maven.apache.org/maven2/org/apache/ant/ant/1.7.1/ant-1.7.1.jar
2019-03-09 17:05:32,169 [Worker-13] INFO  o.e.m.c.i.e.AbstractTransferListenerAdapter - Downloaded https://repo.maven.apache.org/maven2/org/apache/ant/ant/1.7.1/ant-1.7.1.jar
2019-03-09 17:05:32,336 [Worker-13] INFO  o.e.m.c.i.e.AbstractTransferListenerAdapter - Downloading https://repo.maven.apache.org/maven2/org/apache/ant/ant-launcher/1.7.1/ant-launcher-1.7.1.jar
2019-03-09 17:05:32,837 [Worker-13] INFO  o.e.m.c.i.e.AbstractTransferListenerAdapter - Downloaded https://repo.maven.apache.org/maven2/org/apache/ant/ant-launcher/1.7.1/ant-launcher-1.7.1.jar
2019-03-09 17:05:33,005 [Worker-13] INFO  o.e.m.c.i.e.AbstractTransferListenerAdapter - Downloading https://repo.maven.apache.org/maven2/org/jruby/jruby/1.4.0/jruby-1.4.0.jar
2019-03-09 17:10:18,431 [Worker-13] INFO  o.e.m.c.i.e.AbstractTransferListenerAdapter - Downloaded https://repo.maven.apache.org/maven2/org/jruby/jruby/1.4.0/jruby-1.4.0.jar
2019-03-09 17:10:18,596 [Worker-13] INFO  o.e.m.c.i.e.AbstractTransferListenerAdapter - Downloading https://repo.maven.apache.org/maven2/asm/asm/3.0/asm-3.0.jar
2019-03-09 17:10:19,887 [Worker-13] INFO  o.e.m.c.i.e.AbstractTransferListenerAdapter - Downloaded https://repo.maven.apache.org/maven2/asm/asm/3.0/asm-3.0.jar
2019-03-09 17:10:20,746 [Worker-13] INFO  o.e.m.c.i.e.AbstractTransferListenerAdapter - Downloading https://repo.maven.apache.org/maven2/joda-time/joda-time/1.6/joda-time-1.6.jar
2019-03-09 17:10:39,913 [Worker-13] INFO  o.e.m.c.i.e.AbstractTransferListenerAdapter - Downloaded https://repo.maven.apache.org/maven2/joda-time/joda-time/1.6/joda-time-1.6.jar
2019-03-09 17:10:40,082 [Worker-13] INFO  o.e.m.c.i.e.AbstractTransferListenerAdapter - Downloading https://repo.maven.apache.org/maven2/org/apache/geronimo/specs/geronimo-jta_1.1_spec/1.1/geronimo-jta_1.1_spec-1.1.jar
2019-03-09 17:10:40,611 [Worker-13] INFO  o.e.m.c.i.e.AbstractTransferListenerAdapter - Downloaded https://repo.maven.apache.org/maven2/org/apache/geronimo/specs/geronimo-jta_1.1_spec/1.1/geronimo-jta_1.1_spec-1.1.jar
2019-03-09 17:10:40,780 [Worker-13] INFO  o.e.m.c.i.e.AbstractTransferListenerAdapter - Downloading https://repo.maven.apache.org/maven2/javax/xml/jaxrpc-api/1.1/jaxrpc-api-1.1.jar
2019-03-09 17:10:41,637 [Worker-13] INFO  o.e.m.c.i.e.AbstractTransferListenerAdapter - Downloaded https://repo.maven.apache.org/maven2/javax/xml/jaxrpc-api/1.1/jaxrpc-api-1.1.jar
2019-03-09 17:10:41,967 [Worker-13] INFO  o.e.m.c.i.e.AbstractTransferListenerAdapter - Downloaded https://repo.maven.apache.org/maven2/org/hibernate/com.springsource.org.hibernate.validator/4.1.0.GA/com.springsource.org.hibernate.validator-4.1.0.GA.jar
2019-03-09 17:10:44,525 [Worker-13] INFO  o.e.m.c.i.e.AbstractTransferListenerAdapter - Downloading https://repo.maven.apache.org/maven2/org/slf4j/slf4j-log4j12/1.5.10/slf4j-log4j12-1.5.10.jar
2019-03-09 17:10:44,692 [Worker-13] INFO  o.e.m.c.i.e.AbstractTransferListenerAdapter - Downloaded https://repo.maven.apache.org/maven2/org/slf4j/slf4j-log4j12/1.5.10/slf4j-log4j12-1.5.10.jar
2019-03-09 17:10:44,853 [Worker-13] INFO  o.e.m.c.i.e.AbstractTransferListenerAdapter - Downloading https://repo.maven.apache.org/maven2/org/slf4j/slf4j-api/1.5.10/slf4j-api-1.5.10.jar
2019-03-09 17:10:46,447 [Worker-13] INFO  o.e.m.c.i.e.AbstractTransferListenerAdapter - Downloaded https://repo.maven.apache.org/maven2/org/slf4j/slf4j-api/1.5.10/slf4j-api-1.5.10.jar
2019-03-09 17:10:48,713 [Worker-13] INFO  o.e.m.c.i.l.LifecycleMappingFactory - Using org.eclipse.m2e.jdt.JarLifecycleMapping lifecycle mapping for MavenProject: org.springframework:spring-context-support:3.0.8.BUILD-SNAPSHOT @ E:\myGitProject\spring\spring-framework\org.springframework.context.support\pom.xml.
2019-03-09 17:10:48,874 [Worker-13] INFO  o.e.m.c.i.e.AbstractTransferListenerAdapter - Downloaded https://repo.maven.apache.org/maven2/com/bea/commonj/com.springsource.commonj/1.1.0/com.springsource.commonj-1.1.0.pom
2019-03-09 17:10:48,875 [Worker-13] WARN  o.e.m.c.i.embedder.EclipseLogger - The POM for com.bea.commonj:com.springsource.commonj:jar:1.1.0 is missing, no dependency information available
2019-03-09 17:10:49,792 [Worker-13] INFO  o.e.m.c.i.e.AbstractTransferListenerAdapter - Downloading https://repo.maven.apache.org/maven2/opensymphony/quartz/1.6.2/quartz-1.6.2.pom
2019-03-09 17:10:49,962 [Worker-13] INFO  o.e.m.c.i.e.AbstractTransferListenerAdapter - Downloaded https://repo.maven.apache.org/maven2/opensymphony/quartz/1.6.2/quartz-1.6.2.pom
2019-03-09 17:10:50,145 [Worker-13] INFO  o.e.m.c.i.e.AbstractTransferListenerAdapter - Downloading https://repo.maven.apache.org/maven2/hsqldb/hsqldb/1.8.0.10/hsqldb-1.8.0.10.pom
2019-03-09 17:10:50,320 [Worker-13] INFO  o.e.m.c.i.e.AbstractTransferListenerAdapter - Downloaded https://repo.maven.apache.org/maven2/hsqldb/hsqldb/1.8.0.10/hsqldb-1.8.0.10.pom
2019-03-09 17:10:50,691 [Worker-13] INFO  o.e.m.c.i.e.AbstractTransferListenerAdapter - Downloading https://repo.maven.apache.org/maven2/net/sf/ehcache/ehcache/1.6.2/ehcache-1.6.2.pom
2019-03-09 17:10:51,038 [Worker-13] INFO  o.e.m.c.i.e.AbstractTransferListenerAdapter - Downloaded https://repo.maven.apache.org/maven2/net/sf/ehcache/ehcache/1.6.2/ehcache-1.6.2.pom
2019-03-09 17:10:51,222 [Worker-13] INFO  o.e.m.c.i.e.AbstractTransferListenerAdapter - Downloading https://repo.maven.apache.org/maven2/net/sf/ehcache/ehcache-parent/1.5.0/ehcache-parent-1.5.0.pom
2019-03-09 17:10:51,725 [Worker-13] INFO  o.e.m.c.i.e.AbstractTransferListenerAdapter - Downloaded https://repo.maven.apache.org/maven2/net/sf/ehcache/ehcache-parent/1.5.0/ehcache-parent-1.5.0.pom
2019-03-09 17:10:51,916 [Worker-13] INFO  o.e.m.c.i.e.AbstractTransferListenerAdapter - Downloading https://repo.maven.apache.org/maven2/jasperreports/jasperreports/2.0.5/jasperreports-2.0.5.pom
2019-03-09 17:10:52,731 [Worker-13] INFO  o.e.m.c.i.e.AbstractTransferListenerAdapter - Downloaded https://repo.maven.apache.org/maven2/jasperreports/jasperreports/2.0.5/jasperreports-2.0.5.pom
2019-03-09 17:10:53,169 [DefaultMetadataResolver-0-0] INFO  o.e.m.c.i.e.AbstractTransferListenerAdapter - Downloading https://repo.maven.apache.org/maven2/commons-collections/commons-collections/maven-metadata.xml
2019-03-09 17:10:53,344 [DefaultMetadataResolver-0-0] INFO  o.e.m.c.i.e.AbstractTransferListenerAdapter - Downloaded https://repo.maven.apache.org/maven2/commons-collections/commons-collections/maven-metadata.xml
2019-03-09 17:11:01,869 [DefaultMetadataResolver-0-1] INFO  o.e.m.c.i.e.AbstractTransferListenerAdapter - Downloaded http://www.jasperforge.org/maven2/commons-collections/commons-collections/maven-metadata.xml
2019-03-09 17:11:01,874 [Worker-13] WARN  o.e.m.c.i.embedder.EclipseLogger - Could not transfer metadata commons-collections:commons-collections/maven-metadata.xml from/to jaspersoft (http://www.jasperforge.org/maven2): www.jasperforge.org
2019-03-09 17:11:02,088 [Worker-13] INFO  o.e.m.c.i.e.AbstractTransferListenerAdapter - Downloading https://repo.maven.apache.org/maven2/commons-collections/commons-collections/2.1/commons-collections-2.1.pom
2019-03-09 17:11:02,317 [Worker-13] INFO  o.e.m.c.i.e.AbstractTransferListenerAdapter - Downloaded https://repo.maven.apache.org/maven2/commons-collections/commons-collections/2.1/commons-collections-2.1.pom
2019-03-09 17:11:02,509 [Worker-13] INFO  o.e.m.c.i.e.AbstractTransferListenerAdapter - Downloading https://repo.maven.apache.org/maven2/commons-collections/commons-collections/2.1.1/commons-collections-2.1.1.pom
2019-03-09 17:11:02,704 [Worker-13] INFO  o.e.m.c.i.e.AbstractTransferListenerAdapter - Downloaded https://repo.maven.apache.org/maven2/commons-collections/commons-collections/2.1.1/commons-collections-2.1.1.pom
2019-03-09 17:11:02,946 [Worker-13] INFO  o.e.m.c.i.e.AbstractTransferListenerAdapter - Downloading https://repo.maven.apache.org/maven2/commons-collections/commons-collections/3.0/commons-collections-3.0.pom
2019-03-09 17:11:03,376 [Worker-13] INFO  o.e.m.c.i.e.AbstractTransferListenerAdapter - Downloaded https://repo.maven.apache.org/maven2/commons-collections/commons-collections/3.0/commons-collections-3.0.pom
2019-03-09 17:11:03,593 [Worker-13] INFO  o.e.m.c.i.e.AbstractTransferListenerAdapter - Downloading https://repo.maven.apache.org/maven2/commons-collections/commons-collections/3.0-dev2/commons-collections-3.0-dev2.pom
2019-03-09 17:11:03,810 [Worker-13] INFO  o.e.m.c.i.e.AbstractTransferListenerAdapter - Downloaded https://repo.maven.apache.org/maven2/commons-collections/commons-collections/3.0-dev2/commons-collections-3.0-dev2.pom
2019-03-09 17:11:04,541 [Worker-13] INFO  o.e.m.c.i.e.AbstractTransferListenerAdapter - Downloading https://repo.maven.apache.org/maven2/commons-collections/commons-collections/20030418.083655/commons-collections-20030418.083655.pom
2019-03-09 17:11:04,773 [Worker-13] INFO  o.e.m.c.i.e.AbstractTransferListenerAdapter - Downloaded https://repo.maven.apache.org/maven2/commons-collections/commons-collections/20030418.083655/commons-collections-20030418.083655.pom
2019-03-09 17:11:05,018 [Worker-13] INFO  o.e.m.c.i.e.AbstractTransferListenerAdapter - Downloading https://repo.maven.apache.org/maven2/commons-collections/commons-collections/20031027.000000/commons-collections-20031027.000000.pom
2019-03-09 17:11:05,245 [Worker-13] INFO  o.e.m.c.i.e.AbstractTransferListenerAdapter - Downloaded https://repo.maven.apache.org/maven2/commons-collections/commons-collections/20031027.000000/commons-collections-20031027.000000.pom
2019-03-09 17:11:05,479 [Worker-13] INFO  o.e.m.c.i.e.AbstractTransferListenerAdapter - Downloading https://repo.maven.apache.org/maven2/commons-collections/commons-collections/20040102.233541/commons-collections-20040102.233541.pom
2019-03-09 17:11:05,774 [Worker-13] INFO  o.e.m.c.i.e.AbstractTransferListenerAdapter - Downloaded https://repo.maven.apache.org/maven2/commons-collections/commons-collections/20040102.233541/commons-collections-20040102.233541.pom
2019-03-09 17:11:06,007 [Worker-13] INFO  o.e.m.c.i.e.AbstractTransferListenerAdapter - Downloading https://repo.maven.apache.org/maven2/commons-collections/commons-collections/20040616/commons-collections-20040616.pom
2019-03-09 17:11:06,684 [Worker-13] INFO  o.e.m.c.i.e.AbstractTransferListenerAdapter - Downloaded https://repo.maven.apache.org/maven2/commons-collections/commons-collections/20040616/commons-collections-20040616.pom
2019-03-09 17:11:06,692 [DefaultMetadataResolver-1-1] INFO  o.e.m.c.i.e.AbstractTransferListenerAdapter - Downloaded http://www.jasperforge.org/maven2/commons-digester/commons-digester/maven-metadata.xml
2019-03-09 17:11:06,927 [DefaultMetadataResolver-1-0] INFO  o.e.m.c.i.e.AbstractTransferListenerAdapter - Downloading https://repo.maven.apache.org/maven2/commons-digester/commons-digester/maven-metadata.xml
2019-03-09 17:11:07,164 [DefaultMetadataResolver-1-0] INFO  o.e.m.c.i.e.AbstractTransferListenerAdapter - Downloaded https://repo.maven.apache.org/maven2/commons-digester/commons-digester/maven-metadata.xml
2019-03-09 17:11:07,166 [Worker-13] WARN  o.e.m.c.i.embedder.EclipseLogger - Could not transfer metadata commons-digester:commons-digester/maven-metadata.xml from/to jaspersoft (http://www.jasperforge.org/maven2): www.jasperforge.org
2019-03-09 17:11:07,459 [Worker-13] INFO  o.e.m.c.i.e.AbstractTransferListenerAdapter - Downloading https://repo.maven.apache.org/maven2/commons-digester/commons-digester/1.7/commons-digester-1.7.pom
2019-03-09 17:11:08,415 [Worker-13] INFO  o.e.m.c.i.e.AbstractTransferListenerAdapter - Downloaded https://repo.maven.apache.org/maven2/commons-digester/commons-digester/1.7/commons-digester-1.7.pom
2019-03-09 17:11:08,642 [Worker-13] INFO  o.e.m.c.i.e.AbstractTransferListenerAdapter - Downloading https://repo.maven.apache.org/maven2/commons-beanutils/commons-beanutils/1.6/commons-beanutils-1.6.pom
2019-03-09 17:11:08,984 [Worker-13] INFO  o.e.m.c.i.e.AbstractTransferListenerAdapter - Downloaded https://repo.maven.apache.org/maven2/commons-beanutils/commons-beanutils/1.6/commons-beanutils-1.6.pom
2019-03-09 17:11:09,157 [Worker-13] INFO  o.e.m.c.i.e.AbstractTransferListenerAdapter - Downloading https://repo.maven.apache.org/maven2/commons-logging/commons-logging/1.0/commons-logging-1.0.pom
2019-03-09 17:11:09,331 [Worker-13] INFO  o.e.m.c.i.e.AbstractTransferListenerAdapter - Downloaded https://repo.maven.apache.org/maven2/commons-logging/commons-logging/1.0/commons-logging-1.0.pom
2019-03-09 17:11:09,537 [Worker-13] INFO  o.e.m.c.i.e.AbstractTransferListenerAdapter - Downloading https://repo.maven.apache.org/maven2/commons-collections/commons-collections/2.0/commons-collections-2.0.pom
2019-03-09 17:11:09,733 [Worker-13] INFO  o.e.m.c.i.e.AbstractTransferListenerAdapter - Downloaded https://repo.maven.apache.org/maven2/commons-collections/commons-collections/2.0/commons-collections-2.0.pom
2019-03-09 17:11:09,990 [Worker-13] INFO  o.e.m.c.i.e.AbstractTransferListenerAdapter - Downloading https://repo.maven.apache.org/maven2/xml-apis/xml-apis/1.0.b2/xml-apis-1.0.b2.pom
2019-03-09 17:11:10,374 [Worker-13] INFO  o.e.m.c.i.e.AbstractTransferListenerAdapter - Downloaded https://repo.maven.apache.org/maven2/xml-apis/xml-apis/1.0.b2/xml-apis-1.0.b2.pom
2019-03-09 17:11:10,594 [Worker-13] INFO  o.e.m.c.i.e.AbstractTransferListenerAdapter - Downloading https://repo.maven.apache.org/maven2/commons-logging/commons-logging/1.1/commons-logging-1.1.pom
2019-03-09 17:11:10,963 [Worker-13] INFO  o.e.m.c.i.e.AbstractTransferListenerAdapter - Downloaded https://repo.maven.apache.org/maven2/commons-logging/commons-logging/1.1/commons-logging-1.1.pom
2019-03-09 17:11:11,156 [Worker-13] INFO  o.e.m.c.i.e.AbstractTransferListenerAdapter - Downloading https://repo.maven.apache.org/maven2/logkit/logkit/1.0.1/logkit-1.0.1.pom
2019-03-09 17:11:11,330 [Worker-13] INFO  o.e.m.c.i.e.AbstractTransferListenerAdapter - Downloaded https://repo.maven.apache.org/maven2/logkit/logkit/1.0.1/logkit-1.0.1.pom
2019-03-09 17:11:11,505 [Worker-13] INFO  o.e.m.c.i.e.AbstractTransferListenerAdapter - Downloading https://repo.maven.apache.org/maven2/avalon-framework/avalon-framework/4.1.3/avalon-framework-4.1.3.pom
2019-03-09 17:11:11,679 [Worker-13] INFO  o.e.m.c.i.e.AbstractTransferListenerAdapter - Downloaded https://repo.maven.apache.org/maven2/avalon-framework/avalon-framework/4.1.3/avalon-framework-4.1.3.pom
2019-03-09 17:11:11,868 [Worker-13] INFO  o.e.m.c.i.e.AbstractTransferListenerAdapter - Downloading https://repo.maven.apache.org/maven2/javax/servlet/servlet-api/2.3/servlet-api-2.3.pom
2019-03-09 17:11:12,044 [Worker-13] INFO  o.e.m.c.i.e.AbstractTransferListenerAdapter - Downloaded https://repo.maven.apache.org/maven2/javax/servlet/servlet-api/2.3/servlet-api-2.3.pom
2019-03-09 17:11:12,230 [Worker-13] INFO  o.e.m.c.i.e.AbstractTransferListenerAdapter - Downloading https://repo.maven.apache.org/maven2/commons-digester/commons-digester/1.8.1/commons-digester-1.8.1.pom
2019-03-09 17:11:12,634 [Worker-13] INFO  o.e.m.c.i.e.AbstractTransferListenerAdapter - Downloaded https://repo.maven.apache.org/maven2/commons-digester/commons-digester/1.8.1/commons-digester-1.8.1.pom
2019-03-09 17:11:13,202 [Worker-13] INFO  o.e.m.c.i.e.AbstractTransferListenerAdapter - Downloading https://repo.maven.apache.org/maven2/commons-digester/commons-digester/2.0/commons-digester-2.0.pom
2019-03-09 17:11:13,543 [Worker-13] INFO  o.e.m.c.i.e.AbstractTransferListenerAdapter - Downloaded https://repo.maven.apache.org/maven2/commons-digester/commons-digester/2.0/commons-digester-2.0.pom
2019-03-09 17:11:13,762 [Worker-13] INFO  o.e.m.c.i.e.AbstractTransferListenerAdapter - Downloading https://repo.maven.apache.org/maven2/commons-digester/commons-digester/2.1/commons-digester-2.1.pom
2019-03-09 17:11:14,312 [Worker-13] INFO  o.e.m.c.i.e.AbstractTransferListenerAdapter - Downloaded https://repo.maven.apache.org/maven2/commons-digester/commons-digester/2.1/commons-digester-2.1.pom
2019-03-09 17:11:14,712 [DefaultMetadataResolver-2-0] INFO  o.e.m.c.i.e.AbstractTransferListenerAdapter - Downloading https://repo.maven.apache.org/maven2/commons-logging/commons-logging/maven-metadata.xml
2019-03-09 17:11:14,884 [DefaultMetadataResolver-2-0] INFO  o.e.m.c.i.e.AbstractTransferListenerAdapter - Downloaded https://repo.maven.apache.org/maven2/commons-logging/commons-logging/maven-metadata.xml
2019-03-09 17:11:18,469 [DefaultMetadataResolver-2-1] INFO  o.e.m.c.i.e.AbstractTransferListenerAdapter - Downloaded http://www.jasperforge.org/maven2/commons-logging/commons-logging/maven-metadata.xml
2019-03-09 17:11:18,473 [Worker-13] WARN  o.e.m.c.i.embedder.EclipseLogger - Could not transfer metadata commons-logging:commons-logging/maven-metadata.xml from/to jaspersoft (http://www.jasperforge.org/maven2): www.jasperforge.org
2019-03-09 17:11:18,645 [Worker-13] INFO  o.e.m.c.i.e.AbstractTransferListenerAdapter - Downloading https://repo.maven.apache.org/maven2/commons-logging/commons-logging/1.0.1/commons-logging-1.0.1.pom
2019-03-09 17:11:18,821 [Worker-13] INFO  o.e.m.c.i.e.AbstractTransferListenerAdapter - Downloaded https://repo.maven.apache.org/maven2/commons-logging/commons-logging/1.0.1/commons-logging-1.0.1.pom
2019-03-09 17:11:19,003 [Worker-13] INFO  o.e.m.c.i.e.AbstractTransferListenerAdapter - Downloading https://repo.maven.apache.org/maven2/commons-logging/commons-logging/1.0.2/commons-logging-1.0.2.pom
2019-03-09 17:11:19,178 [Worker-13] INFO  o.e.m.c.i.e.AbstractTransferListenerAdapter - Downloaded https://repo.maven.apache.org/maven2/commons-logging/commons-logging/1.0.2/commons-logging-1.0.2.pom
2019-03-09 17:11:19,363 [Worker-13] INFO  o.e.m.c.i.e.AbstractTransferListenerAdapter - Downloading https://repo.maven.apache.org/maven2/commons-logging/commons-logging/1.1.2/commons-logging-1.1.2.pom
2019-03-09 17:11:20,463 [Worker-13] INFO  o.e.m.c.i.e.AbstractTransferListenerAdapter - Downloaded https://repo.maven.apache.org/maven2/commons-logging/commons-logging/1.1.2/commons-logging-1.1.2.pom
2019-03-09 17:11:20,513 [DefaultMetadataResolver-3-1] INFO  o.e.m.c.i.e.AbstractTransferListenerAdapter - Downloaded http://www.jasperforge.org/maven2/com/lowagie/itext/maven-metadata.xml
2019-03-09 17:11:20,705 [DefaultMetadataResolver-3-0] INFO  o.e.m.c.i.e.AbstractTransferListenerAdapter - Downloading https://repo.maven.apache.org/maven2/com/lowagie/itext/maven-metadata.xml
2019-03-09 17:11:20,881 [DefaultMetadataResolver-3-0] INFO  o.e.m.c.i.e.AbstractTransferListenerAdapter - Downloaded https://repo.maven.apache.org/maven2/com/lowagie/itext/maven-metadata.xml
2019-03-09 17:11:20,890 [Worker-13] WARN  o.e.m.c.i.embedder.EclipseLogger - Could not transfer metadata com.lowagie:itext/maven-metadata.xml from/to jaspersoft (http://www.jasperforge.org/maven2): www.jasperforge.org
2019-03-09 17:11:21,065 [Worker-13] INFO  o.e.m.c.i.e.AbstractTransferListenerAdapter - Downloading https://repo.maven.apache.org/maven2/com/lowagie/itext/1.02b/itext-1.02b.pom
2019-03-09 17:11:21,238 [Worker-13] INFO  o.e.m.c.i.e.AbstractTransferListenerAdapter - Downloaded https://repo.maven.apache.org/maven2/com/lowagie/itext/1.02b/itext-1.02b.pom
2019-03-09 17:11:21,822 [Worker-13] INFO  o.e.m.c.i.e.AbstractTransferListenerAdapter - Downloading https://repo.maven.apache.org/maven2/com/lowagie/itext/1.2.3/itext-1.2.3.pom
2019-03-09 17:11:21,994 [Worker-13] INFO  o.e.m.c.i.e.AbstractTransferListenerAdapter - Downloaded https://repo.maven.apache.org/maven2/com/lowagie/itext/1.2.3/itext-1.2.3.pom
2019-03-09 17:11:22,180 [Worker-13] INFO  o.e.m.c.i.e.AbstractTransferListenerAdapter - Downloading https://repo.maven.apache.org/maven2/com/lowagie/itext/1.3/itext-1.3.pom
2019-03-09 17:11:22,351 [Worker-13] INFO  o.e.m.c.i.e.AbstractTransferListenerAdapter - Downloaded https://repo.maven.apache.org/maven2/com/lowagie/itext/1.3/itext-1.3.pom
2019-03-09 17:11:22,537 [Worker-13] INFO  o.e.m.c.i.e.AbstractTransferListenerAdapter - Downloading https://repo.maven.apache.org/maven2/com/lowagie/itext/1.3.1/itext-1.3.1.pom
2019-03-09 17:11:22,708 [Worker-13] INFO  o.e.m.c.i.e.AbstractTransferListenerAdapter - Downloaded https://repo.maven.apache.org/maven2/com/lowagie/itext/1.3.1/itext-1.3.1.pom
2019-03-09 17:11:22,922 [Worker-13] INFO  o.e.m.c.i.e.AbstractTransferListenerAdapter - Downloading https://repo.maven.apache.org/maven2/com/lowagie/itext/1.4/itext-1.4.pom
2019-03-09 17:11:23,678 [Worker-13] INFO  o.e.m.c.i.e.AbstractTransferListenerAdapter - Downloaded https://repo.maven.apache.org/maven2/com/lowagie/itext/1.4/itext-1.4.pom
2019-03-09 17:11:23,909 [Worker-13] INFO  o.e.m.c.i.e.AbstractTransferListenerAdapter - Downloading https://repo.maven.apache.org/maven2/com/lowagie/itext/1.4.8/itext-1.4.8.pom
2019-03-09 17:11:24,649 [Worker-13] INFO  o.e.m.c.i.e.AbstractTransferListenerAdapter - Downloaded https://repo.maven.apache.org/maven2/com/lowagie/itext/1.4.8/itext-1.4.8.pom
2019-03-09 17:11:24,870 [Worker-13] INFO  o.e.m.c.i.e.AbstractTransferListenerAdapter - Downloading https://repo.maven.apache.org/maven2/com/lowagie/itext/2.0.1/itext-2.0.1.pom
2019-03-09 17:11:25,208 [Worker-13] INFO  o.e.m.c.i.e.AbstractTransferListenerAdapter - Downloaded https://repo.maven.apache.org/maven2/com/lowagie/itext/2.0.1/itext-2.0.1.pom
2019-03-09 17:11:25,433 [Worker-13] INFO  o.e.m.c.i.e.AbstractTransferListenerAdapter - Downloading https://repo.maven.apache.org/maven2/com/lowagie/itext/2.0.6/itext-2.0.6.pom
2019-03-09 17:11:25,770 [Worker-13] INFO  o.e.m.c.i.e.AbstractTransferListenerAdapter - Downloaded https://repo.maven.apache.org/maven2/com/lowagie/itext/2.0.6/itext-2.0.6.pom
2019-03-09 17:11:25,962 [Worker-13] INFO  o.e.m.c.i.e.AbstractTransferListenerAdapter - Downloading https://repo.maven.apache.org/maven2/com/lowagie/itext/2.0.7/itext-2.0.7.pom
2019-03-09 17:11:26,177 [Worker-13] INFO  o.e.m.c.i.e.AbstractTransferListenerAdapter - Downloaded https://repo.maven.apache.org/maven2/com/lowagie/itext/2.0.7/itext-2.0.7.pom
2019-03-09 17:11:26,368 [Worker-13] INFO  o.e.m.c.i.e.AbstractTransferListenerAdapter - Downloading https://repo.maven.apache.org/maven2/bouncycastle/bcmail-jdk14/138/bcmail-jdk14-138.pom
2019-03-09 17:11:26,544 [Worker-13] INFO  o.e.m.c.i.e.AbstractTransferListenerAdapter - Downloaded https://repo.maven.apache.org/maven2/bouncycastle/bcmail-jdk14/138/bcmail-jdk14-138.pom
2019-03-09 17:11:26,728 [Worker-13] INFO  o.e.m.c.i.e.AbstractTransferListenerAdapter - Downloading https://repo.maven.apache.org/maven2/bouncycastle/bcprov-jdk14/138/bcprov-jdk14-138.pom
2019-03-09 17:11:26,901 [Worker-13] INFO  o.e.m.c.i.e.AbstractTransferListenerAdapter - Downloaded https://repo.maven.apache.org/maven2/bouncycastle/bcprov-jdk14/138/bcprov-jdk14-138.pom
2019-03-09 17:11:27,073 [Worker-13] INFO  o.e.m.c.i.e.AbstractTransferListenerAdapter - Downloading https://repo.maven.apache.org/maven2/com/lowagie/itext/2.0.8/itext-2.0.8.pom
2019-03-09 17:11:27,287 [Worker-13] INFO  o.e.m.c.i.e.AbstractTransferListenerAdapter - Downloaded https://repo.maven.apache.org/maven2/com/lowagie/itext/2.0.8/itext-2.0.8.pom
2019-03-09 17:11:28,087 [Worker-13] INFO  o.e.m.c.i.e.AbstractTransferListenerAdapter - Downloading https://repo.maven.apache.org/maven2/com/lowagie/itext/2.1.0/itext-2.1.0.pom
2019-03-09 17:11:28,263 [Worker-13] INFO  o.e.m.c.i.e.AbstractTransferListenerAdapter - Downloaded https://repo.maven.apache.org/maven2/com/lowagie/itext/2.1.0/itext-2.1.0.pom
2019-03-09 17:11:28,451 [Worker-13] INFO  o.e.m.c.i.e.AbstractTransferListenerAdapter - Downloading https://repo.maven.apache.org/maven2/bouncycastle/bcmail-jdk14/136/bcmail-jdk14-136.pom
2019-03-09 17:11:28,627 [Worker-13] INFO  o.e.m.c.i.e.AbstractTransferListenerAdapter - Downloaded https://repo.maven.apache.org/maven2/bouncycastle/bcmail-jdk14/136/bcmail-jdk14-136.pom
2019-03-09 17:11:28,846 [Worker-13] INFO  o.e.m.c.i.e.AbstractTransferListenerAdapter - Downloading https://repo.maven.apache.org/maven2/bouncycastle/bcprov-jdk14/136/bcprov-jdk14-136.pom
2019-03-09 17:11:29,022 [Worker-13] INFO  o.e.m.c.i.e.AbstractTransferListenerAdapter - Downloaded https://repo.maven.apache.org/maven2/bouncycastle/bcprov-jdk14/136/bcprov-jdk14-136.pom
2019-03-09 17:11:29,602 [Worker-13] INFO  o.e.m.c.i.e.AbstractTransferListenerAdapter - Downloading https://repo.maven.apache.org/maven2/com/lowagie/itext/2.1.2/itext-2.1.2.pom
2019-03-09 17:11:29,776 [Worker-13] INFO  o.e.m.c.i.e.AbstractTransferListenerAdapter - Downloaded https://repo.maven.apache.org/maven2/com/lowagie/itext/2.1.2/itext-2.1.2.pom
2019-03-09 17:11:29,995 [Worker-13] INFO  o.e.m.c.i.e.AbstractTransferListenerAdapter - Downloading https://repo.maven.apache.org/maven2/com/lowagie/itext/2.1.3/itext-2.1.3.pom
2019-03-09 17:11:30,408 [Worker-13] INFO  o.e.m.c.i.e.AbstractTransferListenerAdapter - Downloaded https://repo.maven.apache.org/maven2/com/lowagie/itext/2.1.3/itext-2.1.3.pom
2019-03-09 17:11:30,633 [Worker-13] INFO  o.e.m.c.i.e.AbstractTransferListenerAdapter - Downloading https://repo.maven.apache.org/maven2/com/lowagie/itext/2.1.4/itext-2.1.4.pom
2019-03-09 17:11:30,970 [Worker-13] INFO  o.e.m.c.i.e.AbstractTransferListenerAdapter - Downloaded https://repo.maven.apache.org/maven2/com/lowagie/itext/2.1.4/itext-2.1.4.pom
2019-03-09 17:11:31,150 [Worker-13] INFO  o.e.m.c.i.e.AbstractTransferListenerAdapter - Downloading https://repo.maven.apache.org/maven2/com/lowagie/itext/2.1.5/itext-2.1.5.pom
2019-03-09 17:11:31,363 [Worker-13] INFO  o.e.m.c.i.e.AbstractTransferListenerAdapter - Downloaded https://repo.maven.apache.org/maven2/com/lowagie/itext/2.1.5/itext-2.1.5.pom
2019-03-09 17:11:31,550 [Worker-13] INFO  o.e.m.c.i.e.AbstractTransferListenerAdapter - Downloading https://repo.maven.apache.org/maven2/com/lowagie/itext/2.1.7/itext-2.1.7.pom
2019-03-09 17:11:32,152 [Worker-13] INFO  o.e.m.c.i.e.AbstractTransferListenerAdapter - Downloaded https://repo.maven.apache.org/maven2/com/lowagie/itext/2.1.7/itext-2.1.7.pom
2019-03-09 17:11:32,326 [Worker-13] INFO  o.e.m.c.i.e.AbstractTransferListenerAdapter - Downloading https://repo.maven.apache.org/maven2/com/lowagie/itext/4.2.0/itext-4.2.0.pom
2019-03-09 17:11:32,891 [Worker-13] INFO  o.e.m.c.i.e.AbstractTransferListenerAdapter - Downloaded https://repo.maven.apache.org/maven2/com/lowagie/itext/4.2.0/itext-4.2.0.pom
2019-03-09 17:11:33,481 [Worker-13] INFO  o.e.m.c.i.e.AbstractTransferListenerAdapter - Downloading https://repo.maven.apache.org/maven2/com/itextpdf/itextpdf/5.5.6/itextpdf-5.5.6.pom
2019-03-09 17:11:34,228 [Worker-13] INFO  o.e.m.c.i.e.AbstractTransferListenerAdapter - Downloaded https://repo.maven.apache.org/maven2/com/itextpdf/itextpdf/5.5.6/itextpdf-5.5.6.pom
2019-03-09 17:11:34,415 [Worker-13] INFO  o.e.m.c.i.e.AbstractTransferListenerAdapter - Downloading https://repo.maven.apache.org/maven2/com/itextpdf/itext-parent/1.0.0/itext-parent-1.0.0.pom
2019-03-09 17:11:34,625 [Worker-13] INFO  o.e.m.c.i.e.AbstractTransferListenerAdapter - Downloaded https://repo.maven.apache.org/maven2/com/itextpdf/itext-parent/1.0.0/itext-parent-1.0.0.pom
2019-03-09 17:11:34,643 [DefaultMetadataResolver-4-1] INFO  o.e.m.c.i.e.AbstractTransferListenerAdapter - Downloaded http://www.jasperforge.org/maven2/jfree/jcommon/maven-metadata.xml
2019-03-09 17:11:35,223 [DefaultMetadataResolver-4-0] INFO  o.e.m.c.i.e.AbstractTransferListenerAdapter - Downloading https://repo.maven.apache.org/maven2/jfree/jcommon/maven-metadata.xml
2019-03-09 17:11:35,396 [DefaultMetadataResolver-4-0] INFO  o.e.m.c.i.e.AbstractTransferListenerAdapter - Downloaded https://repo.maven.apache.org/maven2/jfree/jcommon/maven-metadata.xml
2019-03-09 17:11:35,400 [Worker-13] WARN  o.e.m.c.i.embedder.EclipseLogger - Could not transfer metadata jfree:jcommon/maven-metadata.xml from/to jaspersoft (http://www.jasperforge.org/maven2): www.jasperforge.org
2019-03-09 17:11:36,377 [Worker-13] INFO  o.e.m.c.i.e.AbstractTransferListenerAdapter - Downloading https://repo.maven.apache.org/maven2/jfree/jcommon/1.0.16/jcommon-1.0.16.pom
2019-03-09 17:11:36,555 [Worker-13] INFO  o.e.m.c.i.e.AbstractTransferListenerAdapter - Downloaded https://repo.maven.apache.org/maven2/jfree/jcommon/1.0.16/jcommon-1.0.16.pom
2019-03-09 17:11:36,586 [DefaultMetadataResolver-5-1] INFO  o.e.m.c.i.e.AbstractTransferListenerAdapter - Downloaded http://www.jasperforge.org/maven2/jfree/jfreechart/maven-metadata.xml
2019-03-09 17:11:37,205 [DefaultMetadataResolver-5-0] INFO  o.e.m.c.i.e.AbstractTransferListenerAdapter - Downloading https://repo.maven.apache.org/maven2/jfree/jfreechart/maven-metadata.xml
2019-03-09 17:11:37,378 [DefaultMetadataResolver-5-0] INFO  o.e.m.c.i.e.AbstractTransferListenerAdapter - Downloaded https://repo.maven.apache.org/maven2/jfree/jfreechart/maven-metadata.xml
2019-03-09 17:11:37,380 [Worker-13] WARN  o.e.m.c.i.embedder.EclipseLogger - Could not transfer metadata jfree:jfreechart/maven-metadata.xml from/to jaspersoft (http://www.jasperforge.org/maven2): www.jasperforge.org
2019-03-09 17:11:37,596 [Worker-13] INFO  o.e.m.c.i.e.AbstractTransferListenerAdapter - Downloading https://repo.maven.apache.org/maven2/jfree/jfreechart/1.0.0/jfreechart-1.0.0.pom
2019-03-09 17:11:38,787 [Worker-13] INFO  o.e.m.c.i.e.AbstractTransferListenerAdapter - Downloaded https://repo.maven.apache.org/maven2/jfree/jfreechart/1.0.0/jfreechart-1.0.0.pom
2019-03-09 17:11:39,831 [Worker-13] INFO  o.e.m.c.i.e.AbstractTransferListenerAdapter - Downloading https://repo.maven.apache.org/maven2/jfree/jcommon/1.0.0/jcommon-1.0.0.pom
2019-03-09 17:11:40,003 [Worker-13] INFO  o.e.m.c.i.e.AbstractTransferListenerAdapter - Downloaded https://repo.maven.apache.org/maven2/jfree/jcommon/1.0.0/jcommon-1.0.0.pom
2019-03-09 17:11:40,218 [Worker-13] INFO  o.e.m.c.i.e.AbstractTransferListenerAdapter - Downloading https://repo.maven.apache.org/maven2/jfree/jfreechart/1.0.1/jfreechart-1.0.1.pom
2019-03-09 17:11:40,556 [Worker-13] INFO  o.e.m.c.i.e.AbstractTransferListenerAdapter - Downloaded https://repo.maven.apache.org/maven2/jfree/jfreechart/1.0.1/jfreechart-1.0.1.pom
2019-03-09 17:11:40,743 [Worker-13] INFO  o.e.m.c.i.e.AbstractTransferListenerAdapter - Downloading https://repo.maven.apache.org/maven2/xml-apis/xml-apis/1.3.02/xml-apis-1.3.02.pom
2019-03-09 17:11:40,916 [Worker-13] INFO  o.e.m.c.i.e.AbstractTransferListenerAdapter - Downloaded https://repo.maven.apache.org/maven2/xml-apis/xml-apis/1.3.02/xml-apis-1.3.02.pom
2019-03-09 17:11:40,944 [DefaultMetadataResolver-6-1] INFO  o.e.m.c.i.e.AbstractTransferListenerAdapter - Downloaded http://www.jasperforge.org/maven2/eclipse/jdtcore/maven-metadata.xml
2019-03-09 17:11:41,108 [DefaultMetadataResolver-6-0] INFO  o.e.m.c.i.e.AbstractTransferListenerAdapter - Downloading https://repo.maven.apache.org/maven2/eclipse/jdtcore/maven-metadata.xml
2019-03-09 17:11:41,282 [DefaultMetadataResolver-6-0] INFO  o.e.m.c.i.e.AbstractTransferListenerAdapter - Downloaded https://repo.maven.apache.org/maven2/eclipse/jdtcore/maven-metadata.xml
2019-03-09 17:11:41,289 [Worker-13] WARN  o.e.m.c.i.embedder.EclipseLogger - Could not transfer metadata eclipse:jdtcore/maven-metadata.xml from/to jaspersoft (http://www.jasperforge.org/maven2): www.jasperforge.org
2019-03-09 17:11:41,470 [Worker-13] INFO  o.e.m.c.i.e.AbstractTransferListenerAdapter - Downloading https://repo.maven.apache.org/maven2/eclipse/jdtcore/3.1.0/jdtcore-3.1.0.pom
2019-03-09 17:11:41,644 [Worker-13] INFO  o.e.m.c.i.e.AbstractTransferListenerAdapter - Downloaded https://repo.maven.apache.org/maven2/eclipse/jdtcore/3.1.0/jdtcore-3.1.0.pom
2019-03-09 17:11:41,833 [Worker-13] INFO  o.e.m.c.i.e.AbstractTransferListenerAdapter - Downloading https://repo.maven.apache.org/maven2/eclipse/jdtcore/3.2.0.v_658/jdtcore-3.2.0.v_658.pom
2019-03-09 17:11:42,007 [Worker-13] INFO  o.e.m.c.i.e.AbstractTransferListenerAdapter - Downloaded https://repo.maven.apache.org/maven2/eclipse/jdtcore/3.2.0.v_658/jdtcore-3.2.0.v_658.pom
2019-03-09 17:11:42,234 [Worker-13] INFO  o.e.m.c.i.e.AbstractTransferListenerAdapter - Downloading https://repo.maven.apache.org/maven2/velocity/velocity/1.5/velocity-1.5.pom
2019-03-09 17:11:42,777 [Worker-13] INFO  o.e.m.c.i.e.AbstractTransferListenerAdapter - Downloaded https://repo.maven.apache.org/maven2/velocity/velocity/1.5/velocity-1.5.pom
2019-03-09 17:11:43,018 [Worker-13] INFO  o.e.m.c.i.e.AbstractTransferListenerAdapter - Downloading https://repo.maven.apache.org/maven2/org/freemarker/freemarker/2.3.15/freemarker-2.3.15.pom
2019-03-09 17:11:43,192 [Worker-13] INFO  o.e.m.c.i.e.AbstractTransferListenerAdapter - Downloaded https://repo.maven.apache.org/maven2/org/freemarker/freemarker/2.3.15/freemarker-2.3.15.pom
2019-03-09 17:11:43,400 [Worker-13] INFO  o.e.m.c.i.e.AbstractTransferListenerAdapter - Downloading https://repo.maven.apache.org/maven2/org/apache/poi/poi/3.0.2-FINAL/poi-3.0.2-FINAL.pom
2019-03-09 17:11:43,626 [Worker-13] INFO  o.e.m.c.i.e.AbstractTransferListenerAdapter - Downloaded https://repo.maven.apache.org/maven2/org/apache/poi/poi/3.0.2-FINAL/poi-3.0.2-FINAL.pom
2019-03-09 17:11:43,881 [Worker-13] INFO  o.e.m.c.i.e.AbstractTransferListenerAdapter - Downloaded https://repo.maven.apache.org/maven2/com/bea/commonj/com.springsource.commonj/1.1.0/com.springsource.commonj-1.1.0.jar
2019-03-09 17:11:44,943 [Worker-13] INFO  o.e.m.c.i.e.AbstractTransferListenerAdapter - Downloading https://repo.maven.apache.org/maven2/opensymphony/quartz/1.6.2/quartz-1.6.2.jar
2019-03-09 17:12:02,394 [Worker-13] INFO  o.e.m.c.i.e.AbstractTransferListenerAdapter - Downloaded https://repo.maven.apache.org/maven2/opensymphony/quartz/1.6.2/quartz-1.6.2.jar
2019-03-09 17:12:02,590 [Worker-13] INFO  o.e.m.c.i.e.AbstractTransferListenerAdapter - Downloading https://repo.maven.apache.org/maven2/hsqldb/hsqldb/1.8.0.10/hsqldb-1.8.0.10.jar
2019-03-09 17:12:33,725 [Worker-13] INFO  o.e.m.c.i.e.AbstractTransferListenerAdapter - Downloaded https://repo.maven.apache.org/maven2/hsqldb/hsqldb/1.8.0.10/hsqldb-1.8.0.10.jar
2019-03-09 17:12:34,275 [Worker-13] INFO  o.e.m.c.i.e.AbstractTransferListenerAdapter - Downloading https://repo.maven.apache.org/maven2/net/sf/ehcache/ehcache/1.6.2/ehcache-1.6.2.jar
2019-03-09 17:12:47,068 [Worker-13] INFO  o.e.m.c.i.e.AbstractTransferListenerAdapter - Downloaded https://repo.maven.apache.org/maven2/net/sf/ehcache/ehcache/1.6.2/ehcache-1.6.2.jar
2019-03-09 17:12:47,713 [Worker-13] INFO  o.e.m.c.i.e.AbstractTransferListenerAdapter - Downloading https://repo.maven.apache.org/maven2/jasperreports/jasperreports/2.0.5/jasperreports-2.0.5.jar
2019-03-09 17:14:06,592 [Worker-13] INFO  o.e.m.c.i.e.AbstractTransferListenerAdapter - Downloaded https://repo.maven.apache.org/maven2/jasperreports/jasperreports/2.0.5/jasperreports-2.0.5.jar
2019-03-09 17:14:07,190 [Worker-13] INFO  o.e.m.c.i.e.AbstractTransferListenerAdapter - Downloading https://repo.maven.apache.org/maven2/commons-digester/commons-digester/2.1/commons-digester-2.1.jar
